<?xml version="1.0" encoding="UTF-8"?>
<testsuite name="MainTest" tests="1" skipped="0" failures="0" errors="0" timestamp="2023-01-18T18:34:49" hostname="DESKTOP-KVPJL09" time="0.118">
  <properties/>
  <testcase name="start" classname="MainTest" time="0.118"/>
  <system-out><![CDATA[?[1;31m
Start test 1?[0m
PDF document
?[1;31m
Start test 2?[0m
DOC document
?[1;31m
Start test 3?[0m
Unknown file type
?[1;31m
Start test 4?[0m
Unknown file type
]]></system-out>
  <system-err><![CDATA[]]></system-err>
</testsuite>
